<?xml version="1.0" encoding="UTF-8"?>
<!-- Generated by org.testng.reporters.JUnitReportReporter -->
<testsuite hostname="mypc" failures="0" tests="6" name="GetApiTest" time="5.798" errors="0" timestamp="2024-03-13T09:57:51 EDT" skipped="0">
  <testcase classname="GetApiTest" name="test1" time="3.665"/>
  <system-out/>
  <testcase classname="GetApiTest" name="postData" time="0.734"/>
  <system-out/>
  <testcase classname="GetApiTest" name="putRequest" time="0.352"/>
  <system-out/>
  <testcase classname="GetApiTest" name="patchRequest" time="0.204"/>
  <system-out/>
  <testcase classname="GetApiTest" name="deleteRequest" time="0.226"/>
  <system-out/>
  <testcase classname="GetApiTest" name="PostDataUsingPojo" time="0.617"/>
  <system-out/>
</testsuite> <!-- GetApiTest -->
