<?xml version="1.0" encoding="UTF-8"?>
<!-- Generated by org.testng.reporters.JUnitReportReporter -->
<testsuite hostname="mypc" failures="0" tests="1" name="Test" time="0.020" errors="0" timestamp="2024-03-12T20:45:18 EDT" skipped="0">
  <testcase classname="Test" name="test" time="0.020"/>
  <system-out/>
</testsuite> <!-- Test -->
